<?xml version="1.0" encoding="UTF-8"?>
<testsuite xmlns:xsi="http://www.w3.org/2001/XMLSchema-instance" xsi:noNamespaceSchemaLocation="https://maven.apache.org/surefire/maven-surefire-plugin/xsd/surefire-test-report.xsd" name="com.nc.search.test.TestDemo" time="0.007" tests="1" errors="1" skipped="0" failures="0">
  <properties>
    <property name="sun.desktop" value="windows"/>
    <property name="awt.toolkit" value="sun.awt.windows.WToolkit"/>
    <property name="file.encoding.pkg" value="sun.io"/>
    <property name="java.specification.version" value="1.8"/>
    <property name="sun.cpu.isalist" value="amd64"/>
    <property name="sun.jnu.encoding" value="GBK"/>
    <property name="java.class.path" value="F:\nc_parent\nc-search\target\test-classes;F:\nc_parent\nc-search\target\classes;E:\Maven\repository\org\springframework\boot\spring-boot-starter-web\2.0.7.RELEASE\spring-boot-starter-web-2.0.7.RELEASE.jar;E:\Maven\repository\org\springframework\boot\spring-boot-starter\2.0.7.RELEASE\spring-boot-starter-2.0.7.RELEASE.jar;E:\Maven\repository\org\springframework\boot\spring-boot\2.0.7.RELEASE\spring-boot-2.0.7.RELEASE.jar;E:\Maven\repository\org\springframework\boot\spring-boot-autoconfigure\2.0.7.RELEASE\spring-boot-autoconfigure-2.0.7.RELEASE.jar;E:\Maven\repository\org\springframework\boot\spring-boot-starter-logging\2.0.7.RELEASE\spring-boot-starter-logging-2.0.7.RELEASE.jar;E:\Maven\repository\ch\qos\logback\logback-classic\1.2.3\logback-classic-1.2.3.jar;E:\Maven\repository\ch\qos\logback\logback-core\1.2.3\logback-core-1.2.3.jar;E:\Maven\repository\org\apache\logging\log4j\log4j-to-slf4j\2.10.0\log4j-to-slf4j-2.10.0.jar;E:\Maven\repository\org\slf4j\jul-to-slf4j\1.7.25\jul-to-slf4j-1.7.25.jar;E:\Maven\repository\javax\annotation\javax.annotation-api\1.3.2\javax.annotation-api-1.3.2.jar;E:\Maven\repository\org\yaml\snakeyaml\1.19\snakeyaml-1.19.jar;E:\Maven\repository\org\springframework\boot\spring-boot-starter-json\2.0.7.RELEASE\spring-boot-starter-json-2.0.7.RELEASE.jar;E:\Maven\repository\com\fasterxml\jackson\core\jackson-databind\2.9.7\jackson-databind-2.9.7.jar;E:\Maven\repository\com\fasterxml\jackson\datatype\jackson-datatype-jdk8\2.9.7\jackson-datatype-jdk8-2.9.7.jar;E:\Maven\repository\com\fasterxml\jackson\datatype\jackson-datatype-jsr310\2.9.7\jackson-datatype-jsr310-2.9.7.jar;E:\Maven\repository\com\fasterxml\jackson\module\jackson-module-parameter-names\2.9.7\jackson-module-parameter-names-2.9.7.jar;E:\Maven\repository\org\springframework\boot\spring-boot-starter-tomcat\2.0.7.RELEASE\spring-boot-starter-tomcat-2.0.7.RELEASE.jar;E:\Maven\repository\org\apache\tomcat\embed\tomcat-embed-core\8.5.35\tomcat-embed-core-8.5.35.jar;E:\Maven\repository\org\apache\tomcat\embed\tomcat-embed-el\8.5.35\tomcat-embed-el-8.5.35.jar;E:\Maven\repository\org\apache\tomcat\embed\tomcat-embed-websocket\8.5.35\tomcat-embed-websocket-8.5.35.jar;E:\Maven\repository\org\hibernate\validator\hibernate-validator\6.0.13.Final\hibernate-validator-6.0.13.Final.jar;E:\Maven\repository\javax\validation\validation-api\2.0.1.Final\validation-api-2.0.1.Final.jar;E:\Maven\repository\org\jboss\logging\jboss-logging\3.3.2.Final\jboss-logging-3.3.2.Final.jar;E:\Maven\repository\com\fasterxml\classmate\1.3.4\classmate-1.3.4.jar;E:\Maven\repository\org\springframework\spring-web\5.0.11.RELEASE\spring-web-5.0.11.RELEASE.jar;E:\Maven\repository\org\springframework\spring-beans\5.0.11.RELEASE\spring-beans-5.0.11.RELEASE.jar;E:\Maven\repository\org\springframework\spring-webmvc\5.0.11.RELEASE\spring-webmvc-5.0.11.RELEASE.jar;E:\Maven\repository\org\springframework\spring-aop\5.0.11.RELEASE\spring-aop-5.0.11.RELEASE.jar;E:\Maven\repository\org\springframework\spring-context\5.0.11.RELEASE\spring-context-5.0.11.RELEASE.jar;E:\Maven\repository\org\springframework\spring-expression\5.0.11.RELEASE\spring-expression-5.0.11.RELEASE.jar;E:\Maven\repository\org\springframework\boot\spring-boot-starter-data-elasticsearch\2.0.7.RELEASE\spring-boot-starter-data-elasticsearch-2.0.7.RELEASE.jar;E:\Maven\repository\org\springframework\data\spring-data-elasticsearch\3.0.12.RELEASE\spring-data-elasticsearch-3.0.12.RELEASE.jar;E:\Maven\repository\org\springframework\spring-tx\5.0.11.RELEASE\spring-tx-5.0.11.RELEASE.jar;E:\Maven\repository\org\springframework\data\spring-data-commons\2.0.12.RELEASE\spring-data-commons-2.0.12.RELEASE.jar;E:\Maven\repository\joda-time\joda-time\2.9.9\joda-time-2.9.9.jar;E:\Maven\repository\org\elasticsearch\client\transport\5.6.13\transport-5.6.13.jar;E:\Maven\repository\org\elasticsearch\elasticsearch\5.6.13\elasticsearch-5.6.13.jar;E:\Maven\repository\org\apache\lucene\lucene-core\6.6.1\lucene-core-6.6.1.jar;E:\Maven\repository\org\apache\lucene\lucene-analyzers-common\6.6.1\lucene-analyzers-common-6.6.1.jar;E:\Maven\repository\org\apache\lucene\lucene-backward-codecs\6.6.1\lucene-backward-codecs-6.6.1.jar;E:\Maven\repository\org\apache\lucene\lucene-grouping\6.6.1\lucene-grouping-6.6.1.jar;E:\Maven\repository\org\apache\lucene\lucene-highlighter\6.6.1\lucene-highlighter-6.6.1.jar;E:\Maven\repository\org\apache\lucene\lucene-join\6.6.1\lucene-join-6.6.1.jar;E:\Maven\repository\org\apache\lucene\lucene-memory\6.6.1\lucene-memory-6.6.1.jar;E:\Maven\repository\org\apache\lucene\lucene-misc\6.6.1\lucene-misc-6.6.1.jar;E:\Maven\repository\org\apache\lucene\lucene-queries\6.6.1\lucene-queries-6.6.1.jar;E:\Maven\repository\org\apache\lucene\lucene-queryparser\6.6.1\lucene-queryparser-6.6.1.jar;E:\Maven\repository\org\apache\lucene\lucene-sandbox\6.6.1\lucene-sandbox-6.6.1.jar;E:\Maven\repository\org\apache\lucene\lucene-spatial\6.6.1\lucene-spatial-6.6.1.jar;E:\Maven\repository\org\apache\lucene\lucene-spatial-extras\6.6.1\lucene-spatial-extras-6.6.1.jar;E:\Maven\repository\org\apache\lucene\lucene-spatial3d\6.6.1\lucene-spatial3d-6.6.1.jar;E:\Maven\repository\org\apache\lucene\lucene-suggest\6.6.1\lucene-suggest-6.6.1.jar;E:\Maven\repository\org\elasticsearch\securesm\1.2\securesm-1.2.jar;E:\Maven\repository\net\sf\jopt-simple\jopt-simple\5.0.2\jopt-simple-5.0.2.jar;E:\Maven\repository\com\carrotsearch\hppc\0.7.1\hppc-0.7.1.jar;E:\Maven\repository\com\fasterxml\jackson\dataformat\jackson-dataformat-smile\2.9.7\jackson-dataformat-smile-2.9.7.jar;E:\Maven\repository\com\fasterxml\jackson\dataformat\jackson-dataformat-yaml\2.9.7\jackson-dataformat-yaml-2.9.7.jar;E:\Maven\repository\com\fasterxml\jackson\dataformat\jackson-dataformat-cbor\2.9.7\jackson-dataformat-cbor-2.9.7.jar;E:\Maven\repository\com\tdunning\t-digest\3.0\t-digest-3.0.jar;E:\Maven\repository\org\elasticsearch\plugin\reindex-client\5.6.13\reindex-client-5.6.13.jar;E:\Maven\repository\org\elasticsearch\client\elasticsearch-rest-client\5.6.13\elasticsearch-rest-client-5.6.13.jar;E:\Maven\repository\org\apache\httpcomponents\httpasyncclient\4.1.4\httpasyncclient-4.1.4.jar;E:\Maven\repository\org\apache\httpcomponents\httpcore-nio\4.4.10\httpcore-nio-4.4.10.jar;E:\Maven\repository\org\elasticsearch\plugin\lang-mustache-client\5.6.13\lang-mustache-client-5.6.13.jar;E:\Maven\repository\com\github\spullara\mustache\java\compiler\0.9.3\compiler-0.9.3.jar;E:\Maven\repository\org\elasticsearch\plugin\percolator-client\5.6.13\percolator-client-5.6.13.jar;E:\Maven\repository\org\elasticsearch\plugin\parent-join-client\5.6.13\parent-join-client-5.6.13.jar;E:\Maven\repository\org\elasticsearch\plugin\transport-netty4-client\5.6.13\transport-netty4-client-5.6.13.jar;E:\Maven\repository\io\netty\netty-buffer\4.1.31.Final\netty-buffer-4.1.31.Final.jar;E:\Maven\repository\io\netty\netty-codec\4.1.31.Final\netty-codec-4.1.31.Final.jar;E:\Maven\repository\io\netty\netty-codec-http\4.1.31.Final\netty-codec-http-4.1.31.Final.jar;E:\Maven\repository\io\netty\netty-common\4.1.31.Final\netty-common-4.1.31.Final.jar;E:\Maven\repository\io\netty\netty-handler\4.1.31.Final\netty-handler-4.1.31.Final.jar;E:\Maven\repository\io\netty\netty-resolver\4.1.31.Final\netty-resolver-4.1.31.Final.jar;E:\Maven\repository\io\netty\netty-transport\4.1.31.Final\netty-transport-4.1.31.Final.jar;E:\Maven\repository\org\locationtech\spatial4j\spatial4j\0.6\spatial4j-0.6.jar;E:\Maven\repository\com\vividsolutions\jts\1.13\jts-1.13.jar;E:\Maven\repository\org\apache\logging\log4j\log4j-api\2.10.0\log4j-api-2.10.0.jar;E:\Maven\repository\org\elasticsearch\jna\4.4.0-1\jna-4.4.0-1.jar;E:\Maven\repository\com\fasterxml\jackson\core\jackson-core\2.9.7\jackson-core-2.9.7.jar;E:\Maven\repository\org\springframework\cloud\spring-cloud-starter-netflix-eureka-client\2.0.2.RELEASE\spring-cloud-starter-netflix-eureka-client-2.0.2.RELEASE.jar;E:\Maven\repository\org\springframework\cloud\spring-cloud-starter\2.0.2.RELEASE\spring-cloud-starter-2.0.2.RELEASE.jar;E:\Maven\repository\org\springframework\cloud\spring-cloud-context\2.0.2.RELEASE\spring-cloud-context-2.0.2.RELEASE.jar;E:\Maven\repository\org\springframework\security\spring-security-rsa\1.0.7.RELEASE\spring-security-rsa-1.0.7.RELEASE.jar;E:\Maven\repository\org\bouncycastle\bcpkix-jdk15on\1.60\bcpkix-jdk15on-1.60.jar;E:\Maven\repository\org\bouncycastle\bcprov-jdk15on\1.60\bcprov-jdk15on-1.60.jar;E:\Maven\repository\org\springframework\cloud\spring-cloud-netflix-core\2.0.2.RELEASE\spring-cloud-netflix-core-2.0.2.RELEASE.jar;E:\Maven\repository\org\springframework\boot\spring-boot-starter-aop\2.0.7.RELEASE\spring-boot-starter-aop-2.0.7.RELEASE.jar;E:\Maven\repository\org\aspectj\aspectjweaver\1.8.13\aspectjweaver-1.8.13.jar;E:\Maven\repository\org\springframework\cloud\spring-cloud-netflix-eureka-client\2.0.2.RELEASE\spring-cloud-netflix-eureka-client-2.0.2.RELEASE.jar;E:\Maven\repository\com\netflix\eureka\eureka-client\1.9.3\eureka-client-1.9.3.jar;E:\Maven\repository\org\codehaus\jettison\jettison\1.3.7\jettison-1.3.7.jar;E:\Maven\repository\stax\stax-api\1.0.1\stax-api-1.0.1.jar;E:\Maven\repository\com\netflix\netflix-commons\netflix-eventbus\0.3.0\netflix-eventbus-0.3.0.jar;E:\Maven\repository\com\netflix\netflix-commons\netflix-infix\0.3.0\netflix-infix-0.3.0.jar;E:\Maven\repository\commons-jxpath\commons-jxpath\1.3\commons-jxpath-1.3.jar;E:\Maven\repository\org\antlr\antlr-runtime\3.4\antlr-runtime-3.4.jar;E:\Maven\repository\org\antlr\stringtemplate\3.2.1\stringtemplate-3.2.1.jar;E:\Maven\repository\antlr\antlr\2.7.7\antlr-2.7.7.jar;E:\Maven\repository\com\google\code\gson\gson\2.8.5\gson-2.8.5.jar;E:\Maven\repository\org\apache\commons\commons-math\2.2\commons-math-2.2.jar;E:\Maven\repository\com\netflix\archaius\archaius-core\0.7.6\archaius-core-0.7.6.jar;E:\Maven\repository\com\google\guava\guava\16.0\guava-16.0.jar;E:\Maven\repository\javax\ws\rs\jsr311-api\1.1.1\jsr311-api-1.1.1.jar;E:\Maven\repository\com\netflix\servo\servo-core\0.12.21\servo-core-0.12.21.jar;E:\Maven\repository\com\sun\jersey\jersey-core\1.19.1\jersey-core-1.19.1.jar;E:\Maven\repository\com\sun\jersey\jersey-client\1.19.1\jersey-client-1.19.1.jar;E:\Maven\repository\com\sun\jersey\contribs\jersey-apache-client4\1.19.1\jersey-apache-client4-1.19.1.jar;E:\Maven\repository\org\apache\httpcomponents\httpclient\4.5.6\httpclient-4.5.6.jar;E:\Maven\repository\org\apache\httpcomponents\httpcore\4.4.10\httpcore-4.4.10.jar;E:\Maven\repository\com\google\inject\guice\4.1.0\guice-4.1.0.jar;E:\Maven\repository\javax\inject\javax.inject\1\javax.inject-1.jar;E:\Maven\repository\aopalliance\aopalliance\1.0\aopalliance-1.0.jar;E:\Maven\repository\com\github\vlsi\compactmap\compactmap\1.2.1\compactmap-1.2.1.jar;E:\Maven\repository\com\github\andrewoma\dexx\dexx-collections\0.2\dexx-collections-0.2.jar;E:\Maven\repository\com\fasterxml\jackson\core\jackson-annotations\2.9.0\jackson-annotations-2.9.0.jar;E:\Maven\repository\com\netflix\eureka\eureka-core\1.9.3\eureka-core-1.9.3.jar;E:\Maven\repository\org\codehaus\woodstox\woodstox-core-asl\4.4.1\woodstox-core-asl-4.4.1.jar;E:\Maven\repository\javax\xml\stream\stax-api\1.0-2\stax-api-1.0-2.jar;E:\Maven\repository\org\codehaus\woodstox\stax2-api\3.1.4\stax2-api-3.1.4.jar;E:\Maven\repository\org\springframework\cloud\spring-cloud-starter-netflix-archaius\2.0.2.RELEASE\spring-cloud-starter-netflix-archaius-2.0.2.RELEASE.jar;E:\Maven\repository\org\springframework\cloud\spring-cloud-netflix-ribbon\2.0.2.RELEASE\spring-cloud-netflix-ribbon-2.0.2.RELEASE.jar;E:\Maven\repository\org\springframework\cloud\spring-cloud-netflix-archaius\2.0.2.RELEASE\spring-cloud-netflix-archaius-2.0.2.RELEASE.jar;E:\Maven\repository\commons-configuration\commons-configuration\1.8\commons-configuration-1.8.jar;E:\Maven\repository\commons-lang\commons-lang\2.6\commons-lang-2.6.jar;E:\Maven\repository\org\springframework\cloud\spring-cloud-starter-netflix-ribbon\2.0.2.RELEASE\spring-cloud-starter-netflix-ribbon-2.0.2.RELEASE.jar;E:\Maven\repository\com\netflix\ribbon\ribbon\2.2.5\ribbon-2.2.5.jar;E:\Maven\repository\com\netflix\ribbon\ribbon-transport\2.2.5\ribbon-transport-2.2.5.jar;E:\Maven\repository\io\reactivex\rxnetty-contexts\0.4.9\rxnetty-contexts-0.4.9.jar;E:\Maven\repository\io\reactivex\rxnetty-servo\0.4.9\rxnetty-servo-0.4.9.jar;E:\Maven\repository\io\reactivex\rxnetty\0.4.9\rxnetty-0.4.9.jar;E:\Maven\repository\com\netflix\ribbon\ribbon-core\2.2.5\ribbon-core-2.2.5.jar;E:\Maven\repository\com\netflix\ribbon\ribbon-httpclient\2.2.5\ribbon-httpclient-2.2.5.jar;E:\Maven\repository\commons-collections\commons-collections\3.2.2\commons-collections-3.2.2.jar;E:\Maven\repository\com\netflix\netflix-commons\netflix-commons-util\0.3.0\netflix-commons-util-0.3.0.jar;E:\Maven\repository\com\netflix\ribbon\ribbon-loadbalancer\2.2.5\ribbon-loadbalancer-2.2.5.jar;E:\Maven\repository\com\netflix\netflix-commons\netflix-statistics\0.1.1\netflix-statistics-0.1.1.jar;E:\Maven\repository\io\reactivex\rxjava\1.3.8\rxjava-1.3.8.jar;E:\Maven\repository\com\netflix\ribbon\ribbon-eureka\2.2.5\ribbon-eureka-2.2.5.jar;E:\Maven\repository\com\thoughtworks\xstream\xstream\1.4.10\xstream-1.4.10.jar;E:\Maven\repository\xmlpull\xmlpull\1.1.3.1\xmlpull-1.1.3.1.jar;E:\Maven\repository\xpp3\xpp3_min\1.1.4c\xpp3_min-1.1.4c.jar;E:\Maven\repository\org\springframework\cloud\spring-cloud-starter-openfeign\2.0.2.RELEASE\spring-cloud-starter-openfeign-2.0.2.RELEASE.jar;E:\Maven\repository\org\springframework\cloud\spring-cloud-openfeign-core\2.0.2.RELEASE\spring-cloud-openfeign-core-2.0.2.RELEASE.jar;E:\Maven\repository\io\github\openfeign\form\feign-form-spring\3.3.0\feign-form-spring-3.3.0.jar;E:\Maven\repository\io\github\openfeign\form\feign-form\3.3.0\feign-form-3.3.0.jar;E:\Maven\repository\com\google\code\findbugs\annotations\3.0.1\annotations-3.0.1.jar;E:\Maven\repository\net\jcip\jcip-annotations\1.0\jcip-annotations-1.0.jar;E:\Maven\repository\com\google\code\findbugs\jsr305\3.0.1\jsr305-3.0.1.jar;E:\Maven\repository\commons-fileupload\commons-fileupload\1.3.3\commons-fileupload-1.3.3.jar;E:\Maven\repository\commons-io\commons-io\2.2\commons-io-2.2.jar;E:\Maven\repository\org\springframework\cloud\spring-cloud-commons\2.0.2.RELEASE\spring-cloud-commons-2.0.2.RELEASE.jar;E:\Maven\repository\org\springframework\security\spring-security-crypto\5.0.10.RELEASE\spring-security-crypto-5.0.10.RELEASE.jar;E:\Maven\repository\io\github\openfeign\feign-core\9.7.0\feign-core-9.7.0.jar;E:\Maven\repository\io\github\openfeign\feign-slf4j\9.7.0\feign-slf4j-9.7.0.jar;E:\Maven\repository\io\github\openfeign\feign-hystrix\9.7.0\feign-hystrix-9.7.0.jar;E:\Maven\repository\com\netflix\hystrix\hystrix-core\1.5.12\hystrix-core-1.5.12.jar;E:\Maven\repository\org\hdrhistogram\HdrHistogram\2.1.9\HdrHistogram-2.1.9.jar;E:\Maven\repository\io\github\openfeign\feign-java8\9.7.0\feign-java8-9.7.0.jar;E:\Maven\repository\org\springframework\boot\spring-boot-starter-amqp\2.0.7.RELEASE\spring-boot-starter-amqp-2.0.7.RELEASE.jar;E:\Maven\repository\org\springframework\spring-messaging\5.0.11.RELEASE\spring-messaging-5.0.11.RELEASE.jar;E:\Maven\repository\org\springframework\amqp\spring-rabbit\2.0.10.RELEASE\spring-rabbit-2.0.10.RELEASE.jar;E:\Maven\repository\org\springframework\amqp\spring-amqp\2.0.10.RELEASE\spring-amqp-2.0.10.RELEASE.jar;E:\Maven\repository\org\springframework\retry\spring-retry\1.2.2.RELEASE\spring-retry-1.2.2.RELEASE.jar;E:\Maven\repository\com\rabbitmq\amqp-client\5.4.3\amqp-client-5.4.3.jar;F:\nc_parent\nc-item\nc-item-interface\target\nc-item-interface-1.0-SNAPSHOT.jar;E:\Maven\repository\javax\persistence\persistence-api\1.0\persistence-api-1.0.jar;F:\nc_parent\nc-common\target\nc-common-1.0-SNAPSHOT.jar;E:\Maven\repository\org\apache\commons\commons-lang3\3.7\commons-lang3-3.7.jar;E:\Maven\repository\commons-codec\commons-codec\1.11\commons-codec-1.11.jar;E:\Maven\repository\org\slf4j\slf4j-api\1.7.25\slf4j-api-1.7.25.jar;E:\Maven\repository\org\springframework\boot\spring-boot-starter-test\2.0.7.RELEASE\spring-boot-starter-test-2.0.7.RELEASE.jar;E:\Maven\repository\org\springframework\boot\spring-boot-test\2.0.7.RELEASE\spring-boot-test-2.0.7.RELEASE.jar;E:\Maven\repository\org\springframework\boot\spring-boot-test-autoconfigure\2.0.7.RELEASE\spring-boot-test-autoconfigure-2.0.7.RELEASE.jar;E:\Maven\repository\com\jayway\jsonpath\json-path\2.4.0\json-path-2.4.0.jar;E:\Maven\repository\net\minidev\json-smart\2.3\json-smart-2.3.jar;E:\Maven\repository\net\minidev\accessors-smart\1.2\accessors-smart-1.2.jar;E:\Maven\repository\org\ow2\asm\asm\5.0.4\asm-5.0.4.jar;E:\Maven\repository\junit\junit\4.12\junit-4.12.jar;E:\Maven\repository\org\assertj\assertj-core\3.9.1\assertj-core-3.9.1.jar;E:\Maven\repository\org\mockito\mockito-core\2.15.0\mockito-core-2.15.0.jar;E:\Maven\repository\net\bytebuddy\byte-buddy\1.7.11\byte-buddy-1.7.11.jar;E:\Maven\repository\net\bytebuddy\byte-buddy-agent\1.7.11\byte-buddy-agent-1.7.11.jar;E:\Maven\repository\org\objenesis\objenesis\2.6\objenesis-2.6.jar;E:\Maven\repository\org\hamcrest\hamcrest-core\1.3\hamcrest-core-1.3.jar;E:\Maven\repository\org\hamcrest\hamcrest-library\1.3\hamcrest-library-1.3.jar;E:\Maven\repository\org\skyscreamer\jsonassert\1.5.0\jsonassert-1.5.0.jar;E:\Maven\repository\com\vaadin\external\google\android-json\0.0.20131108.vaadin1\android-json-0.0.20131108.vaadin1.jar;E:\Maven\repository\org\springframework\spring-core\5.0.11.RELEASE\spring-core-5.0.11.RELEASE.jar;E:\Maven\repository\org\springframework\spring-jcl\5.0.11.RELEASE\spring-jcl-5.0.11.RELEASE.jar;E:\Maven\repository\org\springframework\spring-test\5.0.11.RELEASE\spring-test-5.0.11.RELEASE.jar;E:\Maven\repository\org\xmlunit\xmlunit-core\2.5.1\xmlunit-core-2.5.1.jar;"/>
    <property name="java.vm.vendor" value="Oracle Corporation"/>
    <property name="sun.arch.data.model" value="64"/>
    <property name="user.variant" value=""/>
    <property name="java.vendor.url" value="http://java.oracle.com/"/>
    <property name="user.timezone" value="Asia/Shanghai"/>
    <property name="java.vm.specification.version" value="1.8"/>
    <property name="os.name" value="Windows 8.1"/>
    <property name="user.country" value="CN"/>
    <property name="sun.java.launcher" value="SUN_STANDARD"/>
    <property name="sun.boot.library.path" value="D:\jdk\JDK8_64\jre\bin"/>
    <property name="sun.java.command" value="C:\Users\YUEZHI~1\AppData\Local\Temp\surefire1642603073623855354\surefirebooter7670145833534765261.jar C:\Users\Yuezhiwei\AppData\Local\Temp\surefire1642603073623855354 2020-01-15T10-46-34_900-jvmRun1 surefire7778260736771606035tmp surefire_0748796772974634048tmp"/>
    <property name="surefire.test.class.path" value="F:\nc_parent\nc-search\target\test-classes;F:\nc_parent\nc-search\target\classes;E:\Maven\repository\org\springframework\boot\spring-boot-starter-web\2.0.7.RELEASE\spring-boot-starter-web-2.0.7.RELEASE.jar;E:\Maven\repository\org\springframework\boot\spring-boot-starter\2.0.7.RELEASE\spring-boot-starter-2.0.7.RELEASE.jar;E:\Maven\repository\org\springframework\boot\spring-boot\2.0.7.RELEASE\spring-boot-2.0.7.RELEASE.jar;E:\Maven\repository\org\springframework\boot\spring-boot-autoconfigure\2.0.7.RELEASE\spring-boot-autoconfigure-2.0.7.RELEASE.jar;E:\Maven\repository\org\springframework\boot\spring-boot-starter-logging\2.0.7.RELEASE\spring-boot-starter-logging-2.0.7.RELEASE.jar;E:\Maven\repository\ch\qos\logback\logback-classic\1.2.3\logback-classic-1.2.3.jar;E:\Maven\repository\ch\qos\logback\logback-core\1.2.3\logback-core-1.2.3.jar;E:\Maven\repository\org\apache\logging\log4j\log4j-to-slf4j\2.10.0\log4j-to-slf4j-2.10.0.jar;E:\Maven\repository\org\slf4j\jul-to-slf4j\1.7.25\jul-to-slf4j-1.7.25.jar;E:\Maven\repository\javax\annotation\javax.annotation-api\1.3.2\javax.annotation-api-1.3.2.jar;E:\Maven\repository\org\yaml\snakeyaml\1.19\snakeyaml-1.19.jar;E:\Maven\repository\org\springframework\boot\spring-boot-starter-json\2.0.7.RELEASE\spring-boot-starter-json-2.0.7.RELEASE.jar;E:\Maven\repository\com\fasterxml\jackson\core\jackson-databind\2.9.7\jackson-databind-2.9.7.jar;E:\Maven\repository\com\fasterxml\jackson\datatype\jackson-datatype-jdk8\2.9.7\jackson-datatype-jdk8-2.9.7.jar;E:\Maven\repository\com\fasterxml\jackson\datatype\jackson-datatype-jsr310\2.9.7\jackson-datatype-jsr310-2.9.7.jar;E:\Maven\repository\com\fasterxml\jackson\module\jackson-module-parameter-names\2.9.7\jackson-module-parameter-names-2.9.7.jar;E:\Maven\repository\org\springframework\boot\spring-boot-starter-tomcat\2.0.7.RELEASE\spring-boot-starter-tomcat-2.0.7.RELEASE.jar;E:\Maven\repository\org\apache\tomcat\embed\tomcat-embed-core\8.5.35\tomcat-embed-core-8.5.35.jar;E:\Maven\repository\org\apache\tomcat\embed\tomcat-embed-el\8.5.35\tomcat-embed-el-8.5.35.jar;E:\Maven\repository\org\apache\tomcat\embed\tomcat-embed-websocket\8.5.35\tomcat-embed-websocket-8.5.35.jar;E:\Maven\repository\org\hibernate\validator\hibernate-validator\6.0.13.Final\hibernate-validator-6.0.13.Final.jar;E:\Maven\repository\javax\validation\validation-api\2.0.1.Final\validation-api-2.0.1.Final.jar;E:\Maven\repository\org\jboss\logging\jboss-logging\3.3.2.Final\jboss-logging-3.3.2.Final.jar;E:\Maven\repository\com\fasterxml\classmate\1.3.4\classmate-1.3.4.jar;E:\Maven\repository\org\springframework\spring-web\5.0.11.RELEASE\spring-web-5.0.11.RELEASE.jar;E:\Maven\repository\org\springframework\spring-beans\5.0.11.RELEASE\spring-beans-5.0.11.RELEASE.jar;E:\Maven\repository\org\springframework\spring-webmvc\5.0.11.RELEASE\spring-webmvc-5.0.11.RELEASE.jar;E:\Maven\repository\org\springframework\spring-aop\5.0.11.RELEASE\spring-aop-5.0.11.RELEASE.jar;E:\Maven\repository\org\springframework\spring-context\5.0.11.RELEASE\spring-context-5.0.11.RELEASE.jar;E:\Maven\repository\org\springframework\spring-expression\5.0.11.RELEASE\spring-expression-5.0.11.RELEASE.jar;E:\Maven\repository\org\springframework\boot\spring-boot-starter-data-elasticsearch\2.0.7.RELEASE\spring-boot-starter-data-elasticsearch-2.0.7.RELEASE.jar;E:\Maven\repository\org\springframework\data\spring-data-elasticsearch\3.0.12.RELEASE\spring-data-elasticsearch-3.0.12.RELEASE.jar;E:\Maven\repository\org\springframework\spring-tx\5.0.11.RELEASE\spring-tx-5.0.11.RELEASE.jar;E:\Maven\repository\org\springframework\data\spring-data-commons\2.0.12.RELEASE\spring-data-commons-2.0.12.RELEASE.jar;E:\Maven\repository\joda-time\joda-time\2.9.9\joda-time-2.9.9.jar;E:\Maven\repository\org\elasticsearch\client\transport\5.6.13\transport-5.6.13.jar;E:\Maven\repository\org\elasticsearch\elasticsearch\5.6.13\elasticsearch-5.6.13.jar;E:\Maven\repository\org\apache\lucene\lucene-core\6.6.1\lucene-core-6.6.1.jar;E:\Maven\repository\org\apache\lucene\lucene-analyzers-common\6.6.1\lucene-analyzers-common-6.6.1.jar;E:\Maven\repository\org\apache\lucene\lucene-backward-codecs\6.6.1\lucene-backward-codecs-6.6.1.jar;E:\Maven\repository\org\apache\lucene\lucene-grouping\6.6.1\lucene-grouping-6.6.1.jar;E:\Maven\repository\org\apache\lucene\lucene-highlighter\6.6.1\lucene-highlighter-6.6.1.jar;E:\Maven\repository\org\apache\lucene\lucene-join\6.6.1\lucene-join-6.6.1.jar;E:\Maven\repository\org\apache\lucene\lucene-memory\6.6.1\lucene-memory-6.6.1.jar;E:\Maven\repository\org\apache\lucene\lucene-misc\6.6.1\lucene-misc-6.6.1.jar;E:\Maven\repository\org\apache\lucene\lucene-queries\6.6.1\lucene-queries-6.6.1.jar;E:\Maven\repository\org\apache\lucene\lucene-queryparser\6.6.1\lucene-queryparser-6.6.1.jar;E:\Maven\repository\org\apache\lucene\lucene-sandbox\6.6.1\lucene-sandbox-6.6.1.jar;E:\Maven\repository\org\apache\lucene\lucene-spatial\6.6.1\lucene-spatial-6.6.1.jar;E:\Maven\repository\org\apache\lucene\lucene-spatial-extras\6.6.1\lucene-spatial-extras-6.6.1.jar;E:\Maven\repository\org\apache\lucene\lucene-spatial3d\6.6.1\lucene-spatial3d-6.6.1.jar;E:\Maven\repository\org\apache\lucene\lucene-suggest\6.6.1\lucene-suggest-6.6.1.jar;E:\Maven\repository\org\elasticsearch\securesm\1.2\securesm-1.2.jar;E:\Maven\repository\net\sf\jopt-simple\jopt-simple\5.0.2\jopt-simple-5.0.2.jar;E:\Maven\repository\com\carrotsearch\hppc\0.7.1\hppc-0.7.1.jar;E:\Maven\repository\com\fasterxml\jackson\dataformat\jackson-dataformat-smile\2.9.7\jackson-dataformat-smile-2.9.7.jar;E:\Maven\repository\com\fasterxml\jackson\dataformat\jackson-dataformat-yaml\2.9.7\jackson-dataformat-yaml-2.9.7.jar;E:\Maven\repository\com\fasterxml\jackson\dataformat\jackson-dataformat-cbor\2.9.7\jackson-dataformat-cbor-2.9.7.jar;E:\Maven\repository\com\tdunning\t-digest\3.0\t-digest-3.0.jar;E:\Maven\repository\org\elasticsearch\plugin\reindex-client\5.6.13\reindex-client-5.6.13.jar;E:\Maven\repository\org\elasticsearch\client\elasticsearch-rest-client\5.6.13\elasticsearch-rest-client-5.6.13.jar;E:\Maven\repository\org\apache\httpcomponents\httpasyncclient\4.1.4\httpasyncclient-4.1.4.jar;E:\Maven\repository\org\apache\httpcomponents\httpcore-nio\4.4.10\httpcore-nio-4.4.10.jar;E:\Maven\repository\org\elasticsearch\plugin\lang-mustache-client\5.6.13\lang-mustache-client-5.6.13.jar;E:\Maven\repository\com\github\spullara\mustache\java\compiler\0.9.3\compiler-0.9.3.jar;E:\Maven\repository\org\elasticsearch\plugin\percolator-client\5.6.13\percolator-client-5.6.13.jar;E:\Maven\repository\org\elasticsearch\plugin\parent-join-client\5.6.13\parent-join-client-5.6.13.jar;E:\Maven\repository\org\elasticsearch\plugin\transport-netty4-client\5.6.13\transport-netty4-client-5.6.13.jar;E:\Maven\repository\io\netty\netty-buffer\4.1.31.Final\netty-buffer-4.1.31.Final.jar;E:\Maven\repository\io\netty\netty-codec\4.1.31.Final\netty-codec-4.1.31.Final.jar;E:\Maven\repository\io\netty\netty-codec-http\4.1.31.Final\netty-codec-http-4.1.31.Final.jar;E:\Maven\repository\io\netty\netty-common\4.1.31.Final\netty-common-4.1.31.Final.jar;E:\Maven\repository\io\netty\netty-handler\4.1.31.Final\netty-handler-4.1.31.Final.jar;E:\Maven\repository\io\netty\netty-resolver\4.1.31.Final\netty-resolver-4.1.31.Final.jar;E:\Maven\repository\io\netty\netty-transport\4.1.31.Final\netty-transport-4.1.31.Final.jar;E:\Maven\repository\org\locationtech\spatial4j\spatial4j\0.6\spatial4j-0.6.jar;E:\Maven\repository\com\vividsolutions\jts\1.13\jts-1.13.jar;E:\Maven\repository\org\apache\logging\log4j\log4j-api\2.10.0\log4j-api-2.10.0.jar;E:\Maven\repository\org\elasticsearch\jna\4.4.0-1\jna-4.4.0-1.jar;E:\Maven\repository\com\fasterxml\jackson\core\jackson-core\2.9.7\jackson-core-2.9.7.jar;E:\Maven\repository\org\springframework\cloud\spring-cloud-starter-netflix-eureka-client\2.0.2.RELEASE\spring-cloud-starter-netflix-eureka-client-2.0.2.RELEASE.jar;E:\Maven\repository\org\springframework\cloud\spring-cloud-starter\2.0.2.RELEASE\spring-cloud-starter-2.0.2.RELEASE.jar;E:\Maven\repository\org\springframework\cloud\spring-cloud-context\2.0.2.RELEASE\spring-cloud-context-2.0.2.RELEASE.jar;E:\Maven\repository\org\springframework\security\spring-security-rsa\1.0.7.RELEASE\spring-security-rsa-1.0.7.RELEASE.jar;E:\Maven\repository\org\bouncycastle\bcpkix-jdk15on\1.60\bcpkix-jdk15on-1.60.jar;E:\Maven\repository\org\bouncycastle\bcprov-jdk15on\1.60\bcprov-jdk15on-1.60.jar;E:\Maven\repository\org\springframework\cloud\spring-cloud-netflix-core\2.0.2.RELEASE\spring-cloud-netflix-core-2.0.2.RELEASE.jar;E:\Maven\repository\org\springframework\boot\spring-boot-starter-aop\2.0.7.RELEASE\spring-boot-starter-aop-2.0.7.RELEASE.jar;E:\Maven\repository\org\aspectj\aspectjweaver\1.8.13\aspectjweaver-1.8.13.jar;E:\Maven\repository\org\springframework\cloud\spring-cloud-netflix-eureka-client\2.0.2.RELEASE\spring-cloud-netflix-eureka-client-2.0.2.RELEASE.jar;E:\Maven\repository\com\netflix\eureka\eureka-client\1.9.3\eureka-client-1.9.3.jar;E:\Maven\repository\org\codehaus\jettison\jettison\1.3.7\jettison-1.3.7.jar;E:\Maven\repository\stax\stax-api\1.0.1\stax-api-1.0.1.jar;E:\Maven\repository\com\netflix\netflix-commons\netflix-eventbus\0.3.0\netflix-eventbus-0.3.0.jar;E:\Maven\repository\com\netflix\netflix-commons\netflix-infix\0.3.0\netflix-infix-0.3.0.jar;E:\Maven\repository\commons-jxpath\commons-jxpath\1.3\commons-jxpath-1.3.jar;E:\Maven\repository\org\antlr\antlr-runtime\3.4\antlr-runtime-3.4.jar;E:\Maven\repository\org\antlr\stringtemplate\3.2.1\stringtemplate-3.2.1.jar;E:\Maven\repository\antlr\antlr\2.7.7\antlr-2.7.7.jar;E:\Maven\repository\com\google\code\gson\gson\2.8.5\gson-2.8.5.jar;E:\Maven\repository\org\apache\commons\commons-math\2.2\commons-math-2.2.jar;E:\Maven\repository\com\netflix\archaius\archaius-core\0.7.6\archaius-core-0.7.6.jar;E:\Maven\repository\com\google\guava\guava\16.0\guava-16.0.jar;E:\Maven\repository\javax\ws\rs\jsr311-api\1.1.1\jsr311-api-1.1.1.jar;E:\Maven\repository\com\netflix\servo\servo-core\0.12.21\servo-core-0.12.21.jar;E:\Maven\repository\com\sun\jersey\jersey-core\1.19.1\jersey-core-1.19.1.jar;E:\Maven\repository\com\sun\jersey\jersey-client\1.19.1\jersey-client-1.19.1.jar;E:\Maven\repository\com\sun\jersey\contribs\jersey-apache-client4\1.19.1\jersey-apache-client4-1.19.1.jar;E:\Maven\repository\org\apache\httpcomponents\httpclient\4.5.6\httpclient-4.5.6.jar;E:\Maven\repository\org\apache\httpcomponents\httpcore\4.4.10\httpcore-4.4.10.jar;E:\Maven\repository\com\google\inject\guice\4.1.0\guice-4.1.0.jar;E:\Maven\repository\javax\inject\javax.inject\1\javax.inject-1.jar;E:\Maven\repository\aopalliance\aopalliance\1.0\aopalliance-1.0.jar;E:\Maven\repository\com\github\vlsi\compactmap\compactmap\1.2.1\compactmap-1.2.1.jar;E:\Maven\repository\com\github\andrewoma\dexx\dexx-collections\0.2\dexx-collections-0.2.jar;E:\Maven\repository\com\fasterxml\jackson\core\jackson-annotations\2.9.0\jackson-annotations-2.9.0.jar;E:\Maven\repository\com\netflix\eureka\eureka-core\1.9.3\eureka-core-1.9.3.jar;E:\Maven\repository\org\codehaus\woodstox\woodstox-core-asl\4.4.1\woodstox-core-asl-4.4.1.jar;E:\Maven\repository\javax\xml\stream\stax-api\1.0-2\stax-api-1.0-2.jar;E:\Maven\repository\org\codehaus\woodstox\stax2-api\3.1.4\stax2-api-3.1.4.jar;E:\Maven\repository\org\springframework\cloud\spring-cloud-starter-netflix-archaius\2.0.2.RELEASE\spring-cloud-starter-netflix-archaius-2.0.2.RELEASE.jar;E:\Maven\repository\org\springframework\cloud\spring-cloud-netflix-ribbon\2.0.2.RELEASE\spring-cloud-netflix-ribbon-2.0.2.RELEASE.jar;E:\Maven\repository\org\springframework\cloud\spring-cloud-netflix-archaius\2.0.2.RELEASE\spring-cloud-netflix-archaius-2.0.2.RELEASE.jar;E:\Maven\repository\commons-configuration\commons-configuration\1.8\commons-configuration-1.8.jar;E:\Maven\repository\commons-lang\commons-lang\2.6\commons-lang-2.6.jar;E:\Maven\repository\org\springframework\cloud\spring-cloud-starter-netflix-ribbon\2.0.2.RELEASE\spring-cloud-starter-netflix-ribbon-2.0.2.RELEASE.jar;E:\Maven\repository\com\netflix\ribbon\ribbon\2.2.5\ribbon-2.2.5.jar;E:\Maven\repository\com\netflix\ribbon\ribbon-transport\2.2.5\ribbon-transport-2.2.5.jar;E:\Maven\repository\io\reactivex\rxnetty-contexts\0.4.9\rxnetty-contexts-0.4.9.jar;E:\Maven\repository\io\reactivex\rxnetty-servo\0.4.9\rxnetty-servo-0.4.9.jar;E:\Maven\repository\io\reactivex\rxnetty\0.4.9\rxnetty-0.4.9.jar;E:\Maven\repository\com\netflix\ribbon\ribbon-core\2.2.5\ribbon-core-2.2.5.jar;E:\Maven\repository\com\netflix\ribbon\ribbon-httpclient\2.2.5\ribbon-httpclient-2.2.5.jar;E:\Maven\repository\commons-collections\commons-collections\3.2.2\commons-collections-3.2.2.jar;E:\Maven\repository\com\netflix\netflix-commons\netflix-commons-util\0.3.0\netflix-commons-util-0.3.0.jar;E:\Maven\repository\com\netflix\ribbon\ribbon-loadbalancer\2.2.5\ribbon-loadbalancer-2.2.5.jar;E:\Maven\repository\com\netflix\netflix-commons\netflix-statistics\0.1.1\netflix-statistics-0.1.1.jar;E:\Maven\repository\io\reactivex\rxjava\1.3.8\rxjava-1.3.8.jar;E:\Maven\repository\com\netflix\ribbon\ribbon-eureka\2.2.5\ribbon-eureka-2.2.5.jar;E:\Maven\repository\com\thoughtworks\xstream\xstream\1.4.10\xstream-1.4.10.jar;E:\Maven\repository\xmlpull\xmlpull\1.1.3.1\xmlpull-1.1.3.1.jar;E:\Maven\repository\xpp3\xpp3_min\1.1.4c\xpp3_min-1.1.4c.jar;E:\Maven\repository\org\springframework\cloud\spring-cloud-starter-openfeign\2.0.2.RELEASE\spring-cloud-starter-openfeign-2.0.2.RELEASE.jar;E:\Maven\repository\org\springframework\cloud\spring-cloud-openfeign-core\2.0.2.RELEASE\spring-cloud-openfeign-core-2.0.2.RELEASE.jar;E:\Maven\repository\io\github\openfeign\form\feign-form-spring\3.3.0\feign-form-spring-3.3.0.jar;E:\Maven\repository\io\github\openfeign\form\feign-form\3.3.0\feign-form-3.3.0.jar;E:\Maven\repository\com\google\code\findbugs\annotations\3.0.1\annotations-3.0.1.jar;E:\Maven\repository\net\jcip\jcip-annotations\1.0\jcip-annotations-1.0.jar;E:\Maven\repository\com\google\code\findbugs\jsr305\3.0.1\jsr305-3.0.1.jar;E:\Maven\repository\commons-fileupload\commons-fileupload\1.3.3\commons-fileupload-1.3.3.jar;E:\Maven\repository\commons-io\commons-io\2.2\commons-io-2.2.jar;E:\Maven\repository\org\springframework\cloud\spring-cloud-commons\2.0.2.RELEASE\spring-cloud-commons-2.0.2.RELEASE.jar;E:\Maven\repository\org\springframework\security\spring-security-crypto\5.0.10.RELEASE\spring-security-crypto-5.0.10.RELEASE.jar;E:\Maven\repository\io\github\openfeign\feign-core\9.7.0\feign-core-9.7.0.jar;E:\Maven\repository\io\github\openfeign\feign-slf4j\9.7.0\feign-slf4j-9.7.0.jar;E:\Maven\repository\io\github\openfeign\feign-hystrix\9.7.0\feign-hystrix-9.7.0.jar;E:\Maven\repository\com\netflix\hystrix\hystrix-core\1.5.12\hystrix-core-1.5.12.jar;E:\Maven\repository\org\hdrhistogram\HdrHistogram\2.1.9\HdrHistogram-2.1.9.jar;E:\Maven\repository\io\github\openfeign\feign-java8\9.7.0\feign-java8-9.7.0.jar;E:\Maven\repository\org\springframework\boot\spring-boot-starter-amqp\2.0.7.RELEASE\spring-boot-starter-amqp-2.0.7.RELEASE.jar;E:\Maven\repository\org\springframework\spring-messaging\5.0.11.RELEASE\spring-messaging-5.0.11.RELEASE.jar;E:\Maven\repository\org\springframework\amqp\spring-rabbit\2.0.10.RELEASE\spring-rabbit-2.0.10.RELEASE.jar;E:\Maven\repository\org\springframework\amqp\spring-amqp\2.0.10.RELEASE\spring-amqp-2.0.10.RELEASE.jar;E:\Maven\repository\org\springframework\retry\spring-retry\1.2.2.RELEASE\spring-retry-1.2.2.RELEASE.jar;E:\Maven\repository\com\rabbitmq\amqp-client\5.4.3\amqp-client-5.4.3.jar;F:\nc_parent\nc-item\nc-item-interface\target\nc-item-interface-1.0-SNAPSHOT.jar;E:\Maven\repository\javax\persistence\persistence-api\1.0\persistence-api-1.0.jar;F:\nc_parent\nc-common\target\nc-common-1.0-SNAPSHOT.jar;E:\Maven\repository\org\apache\commons\commons-lang3\3.7\commons-lang3-3.7.jar;E:\Maven\repository\commons-codec\commons-codec\1.11\commons-codec-1.11.jar;E:\Maven\repository\org\slf4j\slf4j-api\1.7.25\slf4j-api-1.7.25.jar;E:\Maven\repository\org\springframework\boot\spring-boot-starter-test\2.0.7.RELEASE\spring-boot-starter-test-2.0.7.RELEASE.jar;E:\Maven\repository\org\springframework\boot\spring-boot-test\2.0.7.RELEASE\spring-boot-test-2.0.7.RELEASE.jar;E:\Maven\repository\org\springframework\boot\spring-boot-test-autoconfigure\2.0.7.RELEASE\spring-boot-test-autoconfigure-2.0.7.RELEASE.jar;E:\Maven\repository\com\jayway\jsonpath\json-path\2.4.0\json-path-2.4.0.jar;E:\Maven\repository\net\minidev\json-smart\2.3\json-smart-2.3.jar;E:\Maven\repository\net\minidev\accessors-smart\1.2\accessors-smart-1.2.jar;E:\Maven\repository\org\ow2\asm\asm\5.0.4\asm-5.0.4.jar;E:\Maven\repository\junit\junit\4.12\junit-4.12.jar;E:\Maven\repository\org\assertj\assertj-core\3.9.1\assertj-core-3.9.1.jar;E:\Maven\repository\org\mockito\mockito-core\2.15.0\mockito-core-2.15.0.jar;E:\Maven\repository\net\bytebuddy\byte-buddy\1.7.11\byte-buddy-1.7.11.jar;E:\Maven\repository\net\bytebuddy\byte-buddy-agent\1.7.11\byte-buddy-agent-1.7.11.jar;E:\Maven\repository\org\objenesis\objenesis\2.6\objenesis-2.6.jar;E:\Maven\repository\org\hamcrest\hamcrest-core\1.3\hamcrest-core-1.3.jar;E:\Maven\repository\org\hamcrest\hamcrest-library\1.3\hamcrest-library-1.3.jar;E:\Maven\repository\org\skyscreamer\jsonassert\1.5.0\jsonassert-1.5.0.jar;E:\Maven\repository\com\vaadin\external\google\android-json\0.0.20131108.vaadin1\android-json-0.0.20131108.vaadin1.jar;E:\Maven\repository\org\springframework\spring-core\5.0.11.RELEASE\spring-core-5.0.11.RELEASE.jar;E:\Maven\repository\org\springframework\spring-jcl\5.0.11.RELEASE\spring-jcl-5.0.11.RELEASE.jar;E:\Maven\repository\org\springframework\spring-test\5.0.11.RELEASE\spring-test-5.0.11.RELEASE.jar;E:\Maven\repository\org\xmlunit\xmlunit-core\2.5.1\xmlunit-core-2.5.1.jar;"/>
    <property name="sun.cpu.endian" value="little"/>
    <property name="user.home" value="C:\Users\Yuezhiwei"/>
    <property name="user.language" value="zh"/>
    <property name="java.specification.vendor" value="Oracle Corporation"/>
    <property name="java.home" value="D:\jdk\JDK8_64\jre"/>
    <property name="basedir" value="F:\nc_parent\nc-search"/>
    <property name="file.separator" value="\"/>
    <property name="line.separator" value="&#10;"/>
    <property name="java.vm.specification.vendor" value="Oracle Corporation"/>
    <property name="java.specification.name" value="Java Platform API Specification"/>
    <property name="java.awt.graphicsenv" value="sun.awt.Win32GraphicsEnvironment"/>
    <property name="surefire.real.class.path" value="C:\Users\YUEZHI~1\AppData\Local\Temp\surefire1642603073623855354\surefirebooter7670145833534765261.jar"/>
    <property name="sun.boot.class.path" value="D:\jdk\JDK8_64\jre\lib\resources.jar;D:\jdk\JDK8_64\jre\lib\rt.jar;D:\jdk\JDK8_64\jre\lib\sunrsasign.jar;D:\jdk\JDK8_64\jre\lib\jsse.jar;D:\jdk\JDK8_64\jre\lib\jce.jar;D:\jdk\JDK8_64\jre\lib\charsets.jar;D:\jdk\JDK8_64\jre\lib\jfr.jar;D:\jdk\JDK8_64\jre\classes"/>
    <property name="user.script" value=""/>
    <property name="sun.management.compiler" value="HotSpot 64-Bit Tiered Compilers"/>
    <property name="java.runtime.version" value="1.8.0_40-b25"/>
    <property name="user.name" value="Yuezhiwei"/>
    <property name="path.separator" value=";"/>
    <property name="os.version" value="6.3"/>
    <property name="java.endorsed.dirs" value="D:\jdk\JDK8_64\jre\lib\endorsed"/>
    <property name="java.runtime.name" value="Java(TM) SE Runtime Environment"/>
    <property name="file.encoding" value="GBK"/>
    <property name="java.vm.name" value="Java HotSpot(TM) 64-Bit Server VM"/>
    <property name="localRepository" value="E:\Maven\repository"/>
    <property name="java.vendor.url.bug" value="http://bugreport.sun.com/bugreport/"/>
    <property name="java.io.tmpdir" value="C:\Users\YUEZHI~1\AppData\Local\Temp\"/>
    <property name="java.version" value="1.8.0_40"/>
    <property name="user.dir" value="F:\nc_parent\nc-search"/>
    <property name="os.arch" value="amd64"/>
    <property name="java.vm.specification.name" value="Java Virtual Machine Specification"/>
    <property name="java.awt.printerjob" value="sun.awt.windows.WPrinterJob"/>
    <property name="idea.version2019.1.3" value="true"/>
    <property name="sun.os.patch.level" value=""/>
    <property name="java.library.path" value="D:\jdk\JDK8_64\jre\bin;C:\WINDOWS\Sun\Java\bin;C:\WINDOWS\system32;C:\WINDOWS;C:\WINDOWS\system32;C:\WINDOWS;C:\WINDOWS\System32\Wbem;C:\WINDOWS\System32\WindowsPowerShell\v1.0\;C:\Program Files (x86)\NVIDIA Corporation\PhysX\Common;D:\jdk\JDK8_64\bin;C:\Program Files\Intel\WiFi\bin\;C:\Program Files\Common Files\Intel\WirelessCommon\;C:\Program Files\MySQL\MySQL Utilities 1.6\;C:\WINDOWS\system32;C:\WINDOWS;C:\WINDOWS\System32\Wbem;C:\WINDOWS\System32\WindowsPowerShell\v1.0\;C:\WINDOWS\System32\OpenSSH\;C:\Program Files\Crucial\Crucial Storage Executive;D:\apache\apache-maven-3.6.1\bin;D:\nodejs\;C:\Program Files\MySQL\MySQL Shell 8.0\bin\;C:\Program Files\Intel\WiFi\bin\;C:\Program Files\Common Files\Intel\WirelessCommon\;C:\Users\Yuezhiwei\AppData\Local\Microsoft\WindowsApps;;D:\IntelliJ IDEA 2019.1.3\bin;;C:\Users\Yuezhiwei\AppData\Roaming\npm;."/>
    <property name="java.vm.info" value="mixed mode"/>
    <property name="java.vendor" value="Oracle Corporation"/>
    <property name="java.vm.version" value="25.40-b25"/>
    <property name="java.ext.dirs" value="D:\jdk\JDK8_64\jre\lib\ext;C:\WINDOWS\Sun\Java\lib\ext"/>
    <property name="sun.io.unicode.encoding" value="UnicodeLittle"/>
    <property name="java.class.version" value="52.0"/>
  </properties>
  <testcase name="test" classname="com.nc.search.test.TestDemo" time="0">
    <error message="com.netflix.client.ClientException: Load balancer does not have available server for client: item-service" type="java.lang.RuntimeException">java.lang.RuntimeException: com.netflix.client.ClientException: Load balancer does not have available server for client: item-service
	at com.nc.search.test.TestDemo.test(TestDemo.java:25)
Caused by: com.netflix.client.ClientException: Load balancer does not have available server for client: item-service
	at com.nc.search.test.TestDemo.test(TestDemo.java:25)
</error>
    <system-out><![CDATA[2020-01-15 10:46:52.255  INFO 14648 --- [           main] .b.t.c.SpringBootTestContextBootstrapper : Neither @ContextConfiguration nor @ContextHierarchy found for test class [com.nc.search.test.TestDemo], using SpringBootContextLoader
2020-01-15 10:46:52.256  INFO 14648 --- [           main] o.s.t.c.support.AbstractContextLoader    : Could not detect default resource locations for test class [com.nc.search.test.TestDemo]: no resource found for suffixes {-context.xml, Context.groovy}.
2020-01-15 10:46:52.260  INFO 14648 --- [           main] .b.t.c.SpringBootTestContextBootstrapper : Loaded default TestExecutionListener class names from location [META-INF/spring.factories]: [org.springframework.boot.test.mock.mockito.MockitoTestExecutionListener, org.springframework.boot.test.mock.mockito.ResetMocksTestExecutionListener, org.springframework.boot.test.autoconfigure.restdocs.RestDocsTestExecutionListener, org.springframework.boot.test.autoconfigure.web.client.MockRestServiceServerResetTestExecutionListener, org.springframework.boot.test.autoconfigure.web.servlet.MockMvcPrintOnlyOnFailureTestExecutionListener, org.springframework.boot.test.autoconfigure.web.servlet.WebDriverTestExecutionListener, org.springframework.test.context.web.ServletTestExecutionListener, org.springframework.test.context.support.DirtiesContextBeforeModesTestExecutionListener, org.springframework.test.context.support.DependencyInjectionTestExecutionListener, org.springframework.test.context.support.DirtiesContextTestExecutionListener, org.springframework.test.context.transaction.TransactionalTestExecutionListener, org.springframework.test.context.jdbc.SqlScriptsTestExecutionListener]
2020-01-15 10:46:52.261  INFO 14648 --- [           main] .b.t.c.SpringBootTestContextBootstrapper : Using TestExecutionListeners: [org.springframework.test.context.web.ServletTestExecutionListener@565c887e, org.springframework.test.context.support.DirtiesContextBeforeModesTestExecutionListener@5c215642, org.springframework.boot.test.mock.mockito.MockitoTestExecutionListener@1317ac2c, org.springframework.boot.test.autoconfigure.SpringBootDependencyInjectionTestExecutionListener@416c1b0, org.springframework.test.context.support.DirtiesContextTestExecutionListener@363ba634, org.springframework.test.context.transaction.TransactionalTestExecutionListener@60fe75f7, org.springframework.test.context.jdbc.SqlScriptsTestExecutionListener@4e26c308, org.springframework.boot.test.mock.mockito.ResetMocksTestExecutionListener@7c8f803d, org.springframework.boot.test.autoconfigure.restdocs.RestDocsTestExecutionListener@176e839e, org.springframework.boot.test.autoconfigure.web.client.MockRestServiceServerResetTestExecutionListener@4ac0d49, org.springframework.boot.test.autoconfigure.web.servlet.MockMvcPrintOnlyOnFailureTestExecutionListener@7c6ab057, org.springframework.boot.test.autoconfigure.web.servlet.WebDriverTestExecutionListener@7ce4498f]
]]></system-out>
  </testcase>
</testsuite>